<?xml version="1.0" encoding="UTF-8"?>
<TestRun id="3f9702b5-5c64-41e8-8a92-3b717441c481" name="cmeyer@WV00235077 2012-03-06 15:06:10" runUser="ACTIVE\cmeyer" xmlns="http://microsoft.com/schemas/VisualStudio/TeamTest/2010">
  <TestSettings name="Local" id="c0d642b4-18b8-469e-9a2e-d44259bb5d21">
    <Description>These are default test settings for a local test run.</Description>
    <Deployment enabled="false" runDeploymentRoot="cmeyer_WV00235077 2012-03-06 15_06_10">
      <DeploymentItem filename="C:\dev\cybersource-csharp-wrapper\CybersourceAPI\bin\Debug\CybersourceAPI.dll" />
    </Deployment>
    <Execution>
      <TestTypeSpecific />
      <AgentRule name="Execution Agents">
      </AgentRule>
    </Execution>
  </TestSettings>
  <Times creation="2012-03-06T15:06:10.2311381-06:00" queuing="2012-03-06T15:06:11.3298131-06:00" start="2012-03-06T15:06:11.5173203-06:00" finish="2012-03-06T15:06:50.5276073-06:00" />
  <ResultSummary outcome="Failed">
    <Counters total="1" executed="1" error="0" failed="1" timeout="0" aborted="0" inconclusive="0" passedButRunAborted="0" notRunnable="0" notExecuted="0" disconnected="0" warning="0" passed="0" completed="0" inProgress="0" pending="0" />
  </ResultSummary>
  <TestDefinitions>
    <UnitTest name="single_transaction_get_by_merchant_reference_code" storage="c:\dev\cybersource-csharp-wrapper\cybersourceapi.tests\bin\debug\cybersourceapi.tests.dll" id="4a54d891-f13a-e604-4f0c-fb306a95c15a">
      <Execution id="c9870018-021a-4166-b523-2f181904d843" />
      <TestMethod codeBase="C:/dev/cybersource-csharp-wrapper/CybersourceAPI.Tests/bin/Debug/CybersourceAPI.Tests.DLL" adapterTypeName="Microsoft.VisualStudio.TestTools.TestTypes.Unit.UnitTestAdapter, Microsoft.VisualStudio.QualityTools.Tips.UnitTest.Adapter, Version=10.0.0.0, Culture=neutral, PublicKeyToken=b03f5f7f11d50a3a" className="CybersourceAPI.Tests.Integration.SingleTransactionReport, CybersourceAPI.Tests, Version=1.0.0.0, Culture=neutral, PublicKeyToken=null" name="single_transaction_get_by_merchant_reference_code" />
    </UnitTest>
  </TestDefinitions>
  <TestLists>
    <TestList name="Results Not in a List" id="8c84fa94-04c1-424b-9868-57a2d4851a1d" />
    <TestList name="All Loaded Results" id="19431567-8539-422a-85d7-44ee4e166bda" />
  </TestLists>
  <TestEntries>
    <TestEntry testId="4a54d891-f13a-e604-4f0c-fb306a95c15a" executionId="c9870018-021a-4166-b523-2f181904d843" testListId="8c84fa94-04c1-424b-9868-57a2d4851a1d" />
  </TestEntries>
  <Results>
    <UnitTestResult executionId="c9870018-021a-4166-b523-2f181904d843" testId="4a54d891-f13a-e604-4f0c-fb306a95c15a" testName="single_transaction_get_by_merchant_reference_code" computerName="WV00235077" duration="00:00:37.5023929" startTime="2012-03-06T15:06:11.7067807-06:00" endTime="2012-03-06T15:06:50.3430299-06:00" testType="13cdc9d9-ddb5-4fa4-a97d-d965ccfc6d4b" outcome="Failed" testListId="8c84fa94-04c1-424b-9868-57a2d4851a1d" relativeResultsDirectory="c9870018-021a-4166-b523-2f181904d843">
      <Output>
        <ErrorInfo>
          <Message>Assert.IsNotNull failed. </Message>
          <StackTrace>   at CybersourceAPI.Tests.Integration.SingleTransactionReport.single_transaction_get_by_merchant_reference_code() in C:\dev\cybersource-csharp-wrapper\CybersourceAPI.Tests\Integration\SingleTransactionReport.cs:line 92
</StackTrace>
        </ErrorInfo>
      </Output>
    </UnitTestResult>
  </Results>
</TestRun>